*** 1444239718904 ** 1
*** 1444239719439 ** 0
*** 1444239719927 ** 1
*** 1444239720191 ** 0
*** 1444239720527 ** 1
*** 1444239720791 ** 0
0
*** 1444239738663 ** 1
*** 1444239739183 ** 0
*** 1444239740910 ** 1
*** 1444239741262 ** 0
*** 1444239741527 ** 0
*** 1444239745903 ** 1
*** 1444239746471 ** 0
*** 1444239753831 ** 1
*** 1444239754638 ** 2
*** 1444239783534 ** 3
*** 1444239786085 ** 2
*** 1444239786589 ** 1
*** 1444239786781 ** 0
*** 1444239787821 ** 1
*** 1444239789837 ** 2
*** 1444239790165 ** 3
*** 1444239790445 ** 2
*** 1444239790946 ** 1
*** 1444239791031 ** 0
0
*** 1444239800389 ** 0
*** 1444239800877 ** 0
*** 1444240288286 ** 1
*** 1444240288765 ** 0
*** 1444240290910 ** 1
*** 1444240291214 ** 2
*** 1444240291511 ** 1
*** 1444240291702 ** 0
*** 1444240292303 ** 1
*** 1444240299537 ** 2
*** 1444240314055 ** 1
*** 1444240314374 ** 0
*** 1444240314814 ** 1
*** 1444240408627 ** 0
*** 1444240977020 ** 1
*** 1444240977498 ** 0
*** 1444240984426 ** 0
*** 1444240987322 ** 1
*** 1444240990634 ** 2
*** 1444240997746 ** 3
*** 1444241000754 ** 4
*** 1444241006945 ** 5
*** 1444241008209 ** 6
*** 1444241009481 ** 7
*** 1444241011889 ** 8
*** 1444241015145 ** 9
*** 1444241016737 ** 10
*** 1444241026225 ** 11
*** 1444241033929 ** 12
*** 1444241038872 ** 13
*** 1444241044440 ** 14
*** 1444241048448 ** 15
*** 1444241052304 ** 16
*** 1444241058015 ** 17
*** 1444241063288 ** 18
*** 1444241066696 ** 19
*** 1444241072736 ** 20
*** 1444241084671 ** 21
*** 1444241089543 ** 22
*** 1444241095439 ** 23
*** 1444241099663 ** 24
*** 1444241101375 ** 25
*** 1444241102823 ** 26
*** 1444241105871 ** 27
*** 1444241108814 ** 28
*** 1444241111190 ** 29
*** 1444241116174 ** 30
*** 1444241118886 ** 31
*** 1444241122982 ** 32
*** 1444241126230 ** 33
*** 1444241134462 ** 34
*** 1444241139808 ** 35
*** 1444241142021 ** 36
*** 1444241143143 ** 37
*** 1444241144901 ** 38
*** 1444241148157 ** 39
*** 1444241152397 ** 40
*** 1444241154565 ** 41
*** 1444241155981 ** 42
*** 1444241158805 ** 43
*** 1444241161932 ** 44
44
*** 1444241164661 ** 45
*** 1444241167179 ** 46
*** 1444241169566 ** 47
*** 1444241176213 ** 48
*** 1444241180548 ** 49
*** 1444241183556 ** 50
*** 1444241185252 ** 51
*** 1444241187108 ** 52
*** 1444241192300 ** 53
*** 1444241194196 ** 54
*** 1444241198613 ** 55
*** 1444241202004 ** 56
*** 1444241204548 ** 57
*** 1444241209827 ** 58
*** 1444241213643 ** 59
*** 1444241216459 ** 60
*** 1444241220507 ** 61
*** 1444241223571 ** 62
*** 1444241227347 ** 63
*** 1444241231411 ** 64
*** 1444241234691 ** 65
*** 1444241237978 ** 66
*** 1444241242986 ** 67
*** 1444241245243 ** 68
*** 1444241247746 ** 69
*** 1444241251202 ** 70
*** 1444241253826 ** 71
*** 1444241256081 ** 72
*** 1444241258306 ** 73
*** 1444241260346 ** 74
*** 1444241263034 ** 75
*** 1444241266130 ** 76
*** 1444241270674 ** 77
*** 1444241274617 ** 78
*** 1444241277378 ** 79
*** 1444241279937 ** 80
*** 1444241282785 ** 81
*** 1444241287745 ** 82
*** 1444241289801 ** 83
*** 1444241296721 ** 84
*** 1444241298529 ** 85
*** 1444241299529 ** 86
*** 1444241300625 ** 87
*** 1444241304785 ** 88
*** 1444241307001 ** 89
*** 1444241311913 ** 90
*** 1444241316176 ** 91
*** 1444241320368 ** 92
*** 1444241323984 ** 93
*** 1444241325536 ** 94
*** 1444241328672 ** 95
*** 1444241331504 ** 96
*** 1444241335080 ** 97
*** 1444241339928 ** 98
*** 1444241342760 ** 99
*** 1444241347183 ** 100
*** 1444241350967 ** 101
*** 1444241355031 ** 102
*** 1444241357111 ** 103
*** 1444241362078 ** 104
*** 1444241363847 ** 105
*** 1444241365512 ** 106
*** 1444241368343 ** 107
*** 1444241371695 ** 108
*** 1444241374791 ** 109
*** 1444241378566 ** 110
*** 1444241382806 ** 111
*** 1444241387342 ** 112
*** 1444241392262 ** 113
*** 1444241393366 ** 114
*** 1444241399398 ** 115
*** 1444241404326 ** 116
*** 1444241406838 ** 117
*** 1444241412014 ** 118
*** 1444241416773 ** 118
*** 1444241416941 ** 119
*** 1444241417125 ** 120
*** 1444241417269 ** 120
*** 1444241421709 ** 121
*** 1444241426818 ** 122
*** 1444241428210 ** 123
*** 1444241430578 ** 124
*** 1444241434034 ** 125
*** 1444241437258 ** 126
*** 1444241442154 ** 127
*** 1444241447874 ** 128
*** 1444241451402 ** 129
*** 1444241454970 ** 130
*** 1444241460281 ** 131
*** 1444241466193 ** 132
*** 1444241473217 ** 132
*** 1444241473433 ** 133
*** 1444241473641 ** 133
*** 1444241478831 ** 134
*** 1444241483569 ** 135
*** 1444241487392 ** 136
*** 1444241492136 ** 137
*** 1444241497008 ** 138
*** 1444241499200 ** 139
*** 1444241503704 ** 140
*** 1444241507528 ** 141
*** 1444241514480 ** 142
*** 1444241518663 ** 143
*** 1444241522240 ** 144
*** 1444241525959 ** 145
*** 1444241529247 ** 146
*** 1444241531191 ** 147
*** 1444241538726 ** 148
*** 1444241546143 ** 149
*** 1444241548807 ** 150
*** 1444241553078 ** 151
*** 1444241557630 ** 152
*** 1444241562862 ** 153
*** 1444241569422 ** 154
*** 1444241576654 ** 155
*** 1444241583534 ** 156
*** 1444241588861 ** 157
*** 1444241592077 ** 158
*** 1444241598941 ** 159
*** 1444241603949 ** 160
*** 1444241606677 ** 161
*** 1444241611981 ** 162
*** 1444241615428 ** 163
*** 1444241621388 ** 164
*** 1444241627084 ** 165
*** 1444241631932 ** 166
*** 1444241636540 ** 167
*** 1444241640060 ** 168
*** 1444241642404 ** 169
*** 1444241648019 ** 170
*** 1444241651883 ** 171
*** 1444241656091 ** 172
*** 1444241660155 ** 173
*** 1444241663307 ** 174
*** 1444241666275 ** 175
*** 1444241670043 ** 176
*** 1444241675771 ** 177
*** 1444241680011 ** 178
*** 1444241683274 ** 179
*** 1444241690394 ** 180
*** 1444241696089 ** 181
*** 1444241698666 ** 182
*** 1444241703162 ** 183
*** 1444241707673 ** 184
*** 1444241712937 ** 185
*** 1444241718793 ** 186
*** 1444241722569 ** 187
*** 1444241725609 ** 188
*** 1444241728713 ** 189
*** 1444241731665 ** 190
*** 1444241736553 ** 191
*** 1444241742673 ** 192
*** 1444241745889 ** 193
*** 1444241752136 ** 194
*** 1444241758408 ** 195
*** 1444241764040 ** 196
*** 1444241768608 ** 197
*** 1444241773392 ** 198
*** 1444241777910 ** 199
*** 1444241780943 ** 200
*** 1444241785615 ** 201
*** 1444241788447 ** 202
*** 1444241795391 ** 203
*** 1444241801751 ** 204
*** 1444241807534 ** 205
*** 1444241809256 ** 206
*** 1444241816846 ** 207
*** 1444241821694 ** 208
*** 1444241825566 ** 209
*** 1444241832694 ** 210
*** 1444241838877 ** 211
*** 1444241844845 ** 212
*** 1444241850517 ** 213
*** 1444241854541 ** 214
*** 1444241857597 ** 215
*** 1444241859916 ** 216
*** 1444241863220 ** 217
*** 1444241866596 ** 218
*** 1444241870540 ** 219
*** 1444241872916 ** 220
*** 1444241876308 ** 221
*** 1444241881668 ** 222
*** 1444241884292 ** 223
*** 1444241888051 ** 224
*** 1444241893403 ** 225
*** 1444241897603 ** 226
*** 1444241901115 ** 227
*** 1444241903307 ** 228
*** 1444241905499 ** 229
*** 1444241911587 ** 230
*** 1444241918426 ** 231
*** 1444241922226 ** 232
*** 1444241924578 ** 233
*** 1444241930090 ** 234
*** 1444241932338 ** 235
*** 1444241935954 ** 236
*** 1444241939418 ** 237
*** 1444241943825 ** 238
*** 1444241947713 ** 239
*** 1444241953785 ** 240
*** 1444241958137 ** 241
*** 1444241964313 ** 242
*** 1444241965585 ** 243
*** 1444241969401 ** 244
*** 1444241971840 ** 245
*** 1444241974232 ** 246
*** 1444241983200 ** 247
*** 1444241986312 ** 248
*** 1444241989160 ** 249
*** 1444241995096 ** 250
*** 1444241997040 ** 251
*** 1444242001040 ** 252
*** 1444242003511 ** 253
253
*** 1444242007119 ** 254
*** 1444242011239 ** 255
*** 1444242013343 ** 256
*** 1444242018487 ** 257
*** 1444242022231 ** 258
*** 1444242026174 ** 259
*** 1444242036958 ** 260
*** 1444242043501 ** 261
*** 1444242046478 ** 262
*** 1444242058134 ** 263
*** 1444242063405 ** 264
*** 1444242068757 ** 265
*** 1444242075589 ** 266
*** 1444242079845 ** 267
*** 1444242087501 ** 268
*** 1444242090605 ** 269
*** 1444242098884 ** 270
*** 1444242103524 ** 271
*** 1444242110188 ** 272
*** 1444242114268 ** 273
*** 1444242118683 ** 274
*** 1444242125675 ** 275
*** 1444242134259 ** 276
*** 1444242137923 ** 277
*** 1444242141979 ** 278
*** 1444242149011 ** 279
*** 1444242155250 ** 280
*** 1444242163225 ** 281
*** 1444242168026 ** 282
*** 1444242173810 ** 283
*** 1444242178634 ** 284
*** 1444242183121 ** 285
*** 1444242187209 ** 286
*** 1444242189625 ** 287
*** 1444242193337 ** 288
*** 1444242196737 ** 289
*** 1444242198840 ** 290
*** 1444242201930 ** 291
*** 1444242207736 ** 292
*** 1444242214248 ** 293
*** 1444242217312 ** 294
*** 1444242220680 ** 295
*** 1444242226280 ** 296
*** 1444242236735 ** 297
*** 1444242239599 ** 297
*** 1444242240039 ** 298
*** 1444242251383 ** 298
*** 1444242256671 ** 299
*** 1444242260077 ** 300
*** 1444242265726 ** 301
*** 1444242269310 ** 302
*** 1444242272182 ** 303
*** 1444242276054 ** 304
*** 1444242279390 ** 305
*** 1444242284079 ** 306
*** 1444242291110 ** 307
*** 1444242300373 ** 308
*** 1444242306229 ** 309
*** 1444242309741 ** 310
*** 1444242316709 ** 311
*** 1444242321068 ** 312
*** 1444242326324 ** 313
*** 1444242332012 ** 314
*** 1444242336284 ** 315
*** 1444242340244 ** 316
*** 1444242350171 ** 317
*** 1444242354387 ** 318
*** 1444242359003 ** 319
*** 1444242363179 ** 320
*** 1444242365699 ** 321
*** 1444242366835 ** 322
*** 1444242369788 ** 323
*** 1444242371563 ** 324
*** 1444242380539 ** 325
*** 1444242382794 ** 326
*** 1444242393266 ** 327
*** 1444242398170 ** 328
*** 1444242404602 ** 329
*** 1444242408642 ** 330
*** 1444242411609 ** 331
*** 1444242415393 ** 332
*** 1444242421057 ** 333
*** 1444242427265 ** 334
*** 1444242433209 ** 335
*** 1444242440912 ** 336
*** 1444242445200 ** 337
*** 1444242451584 ** 338
*** 1444242456128 ** 339
*** 1444242460184 ** 340
*** 1444242466928 ** 341
*** 1444242471599 ** 342
*** 1444242473711 ** 343
*** 1444242477615 ** 344
*** 1444242480952 ** 345
*** 1444242488055 ** 346
*** 1444242492111 ** 347
*** 1444242496663 ** 348
*** 1444242502718 ** 349
*** 1444242505182 ** 350
*** 1444242508326 ** 351
*** 1444242513286 ** 352
*** 1444242519966 ** 353
*** 1444242521342 ** 354
*** 1444242525118 ** 355
*** 1444242527429 ** 356
*** 1444242529437 ** 357
*** 1444242533589 ** 358
*** 1444242539340 ** 359
*** 1444242544725 ** 360
*** 1444242548381 ** 361
*** 1444242551980 ** 362
*** 1444242554101 ** 363
*** 1444242560068 ** 364
*** 1444242568300 ** 365
*** 1444242571868 ** 366
*** 1444242582371 ** 367
*** 1444242587923 ** 368
*** 1444242591603 ** 369
*** 1444242592563 ** 370
*** 1444242596116 ** 371
*** 1444242599363 ** 372
*** 1444242602075 ** 373
*** 1444242604379 ** 374
*** 1444242609114 ** 375
*** 1444242614034 ** 376
*** 1444242619730 ** 377
*** 1444242622866 ** 378
*** 1444242627761 ** 379
*** 1444242632977 ** 380
*** 1444242640609 ** 381
*** 1444242646057 ** 382
*** 1444242647145 ** 383
*** 1444242649273 ** 384
*** 1444242651832 ** 385
*** 1444242654705 ** 386
*** 1444242660136 ** 386
*** 1444242660352 ** 387
*** 1444242667568 ** 387
*** 1444242673464 ** 388
*** 1444242678984 ** 388
*** 1444242681656 ** 389
*** 1444242700678 ** 389
*** 1444242709255 ** 390
*** 1444242714375 ** 391
*** 1444242718366 ** 392
*** 1444242722430 ** 393
*** 1444242729230 ** 394
*** 1444242733990 ** 395
*** 1444242738982 ** 396
*** 1444242745741 ** 397
*** 1444242750501 ** 398
*** 1444242753813 ** 399
*** 1444242756133 ** 400
*** 1444242760181 ** 401
*** 1444242765245 ** 402
*** 1444242773429 ** 403
*** 1444242775932 ** 404
*** 1444242780908 ** 405
*** 1444242785476 ** 406
*** 1444242791836 ** 407
*** 1444242799467 ** 408
*** 1444242804339 ** 409
*** 1444242811867 ** 410
*** 1444242816035 ** 411
*** 1444242821299 ** 412
*** 1444242825186 ** 413
*** 1444242828490 ** 414
*** 1444242830866 ** 415
*** 1444242833946 ** 416
*** 1444242837002 ** 417
*** 1444242840994 ** 418
*** 1444242844114 ** 419
*** 1444242848250 ** 420
*** 1444242851889 ** 421
*** 1444242855849 ** 422
*** 1444242861745 ** 423
*** 1444242864457 ** 424
*** 1444242869633 ** 425
*** 1444242874241 ** 426
*** 1444242877152 ** 427
*** 1444242880665 ** 428
*** 1444242883801 ** 429
*** 1444242888280 ** 430
*** 1444242894024 ** 431
*** 1444242898528 ** 432
*** 1444242902400 ** 433
*** 1444242904680 ** 434
*** 1444242907632 ** 435
*** 1444242913511 ** 436
*** 1444242917007 ** 437
*** 1444242919655 ** 438
*** 1444242926143 ** 439
*** 1444242930919 ** 440
*** 1444242935144 ** 441
*** 1444242939442 ** 442
*** 1444242942455 ** 443
*** 1444242947614 ** 444
*** 1444242952662 ** 445
*** 1444242955438 ** 446
*** 1444242961470 ** 447
*** 1444242967933 ** 448
*** 1444242974206 ** 449
*** 1444242979237 ** 450
*** 1444242981749 ** 451
*** 1444242986045 ** 452
*** 1444242993085 ** 453
*** 1444242998892 ** 454
*** 1444243001540 ** 455
*** 1444243007196 ** 456
*** 1444243009116 ** 457
*** 1444243012484 ** 458
*** 1444243021300 ** 459
*** 1444243026163 ** 460
*** 1444243030404 ** 461
*** 1444243036595 ** 462
*** 1444243039595 ** 463
*** 1444243043027 ** 464
*** 1444243046282 ** 465
*** 1444243058210 ** 466
466
*** 1444243071130 ** 467
*** 1444243076929 ** 468
*** 1444243080937 ** 469
*** 1444243084369 ** 470
*** 1444243086745 ** 471
*** 1444243092065 ** 472
*** 1444243095713 ** 473
*** 1444243097937 ** 474
*** 1444243100417 ** 475
*** 1444243103944 ** 476
*** 1444243105609 ** 477
*** 1444243110072 ** 478
*** 1444243115120 ** 479
*** 1444243122695 ** 480
*** 1444243126792 ** 481
*** 1444243130728 ** 482
*** 1444243136239 ** 483
*** 1444243143055 ** 484
*** 1444243147271 ** 485
*** 1444243151511 ** 486
*** 1444243156463 ** 487
*** 1444243160614 ** 488
*** 1444243163782 ** 489
*** 1444243166934 ** 490
*** 1444243170222 ** 491
*** 1444243172886 ** 492
*** 1444243175078 ** 493
*** 1444243179302 ** 494
*** 1444243182598 ** 495
*** 1444243186446 ** 496
*** 1444243192141 ** 497
*** 1444243195581 ** 498
*** 1444243197869 ** 499
*** 1444243199421 ** 500
*** 1444243202341 ** 501
*** 1444243206141 ** 502
*** 1444243210573 ** 503
*** 1444243215477 ** 504
*** 1444243218668 ** 505
*** 1444243222779 ** 506
*** 1444243228516 ** 507
*** 1444243236764 ** 507
*** 1444243237300 ** 508
*** 1444243239980 ** 508
*** 1444243243788 ** 509
*** 1444243245315 ** 509
*** 1444243255499 ** 509
*** 1444243259643 ** 510
*** 1444243263547 ** 511
*** 1444243268251 ** 512
*** 1444243271267 ** 513
*** 1444243274499 ** 514
*** 1444243277169 ** 515
*** 1444243281259 ** 516
*** 1444243284466 ** 517
*** 1444243286434 ** 518
*** 1444243289298 ** 519
*** 1444243296121 ** 520
*** 1444243299305 ** 521
*** 1444243301170 ** 522
*** 1444243306281 ** 523
*** 1444243309609 ** 524
*** 1444243311849 ** 525
*** 1444243318881 ** 526
*** 1444243320329 ** 527
*** 1444243321561 ** 528
*** 1444243324473 ** 529
*** 1444243327009 ** 530
*** 1444243331560 ** 531
*** 1444243334600 ** 532
*** 1444243338480 ** 533
*** 1444243341352 ** 534
534
*** 1444243348000 ** 534
*** 1444243348456 ** 535
*** 1444243349480 ** 535
*** 1444243352278 ** 536
*** 1444243358031 ** 537
*** 1444243359967 ** 538
*** 1444243361760 ** 539
*** 1444243365711 ** 540
*** 1444243369967 ** 541
*** 1444243372935 ** 542
*** 1444243375094 ** 543
*** 1444243378303 ** 544
*** 1444243380343 ** 545
*** 1444243383118 ** 546
*** 1444243387110 ** 547
*** 1444243390015 ** 548
*** 1444243393766 ** 549
*** 1444243396198 ** 550
*** 1444243402406 ** 551
*** 1444243407190 ** 552
*** 1444243411165 ** 553
*** 1444243416733 ** 554
*** 1444243418988 ** 555
*** 1444243422901 ** 556
*** 1444243425109 ** 557
*** 1444243428141 ** 558
*** 1444243431101 ** 559
*** 1444243435653 ** 560
*** 1444243437580 ** 561
*** 1444243440660 ** 562
*** 1444243442221 ** 563
*** 1444243446284 ** 564
*** 1444243449364 ** 565
*** 1444243454908 ** 566
*** 1444243458052 ** 567
*** 1444243462435 ** 568
*** 1444243464444 ** 569
569
*** 1444243470490 ** 570
*** 1444243474299 ** 571
*** 1444243476547 ** 572
*** 1444243480275 ** 573
*** 1444243483481 ** 574
*** 1444243486387 ** 575
*** 1444243488547 ** 576
*** 1444243492986 ** 577
*** 1444243495746 ** 578
*** 1444243498530 ** 579
*** 1444243508474 ** 579
*** 1444243509394 ** 580
*** 1444243512858 ** 580
*** 1444243515354 ** 581
*** 1444243519369 ** 582
*** 1444243521794 ** 583
*** 1444243523985 ** 584
*** 1444243526369 ** 585
*** 1444243528921 ** 586
*** 1444243531489 ** 587
*** 1444243534784 ** 588
*** 1444243537553 ** 589
*** 1444243539969 ** 590
*** 1444243543464 ** 591
*** 1444243545153 ** 592
*** 1444243547016 ** 593
*** 1444243549912 ** 594
*** 1444243554200 ** 594
*** 1444243554440 ** 595
*** 1444243558648 ** 595
*** 1444243560560 ** 596
*** 1444243563120 ** 597
*** 1444243565000 ** 598
*** 1444243567975 ** 599
*** 1444243571728 ** 600
*** 1444243577423 ** 601
*** 1444243580647 ** 602
*** 1444243583639 ** 603
*** 1444243587183 ** 604
*** 1444243590880 ** 605
*** 1444243594990 ** 606
*** 1444243598631 ** 607
*** 1444243606494 ** 608
*** 1444243609909 ** 609
*** 1444243613542 ** 610
*** 1444243619613 ** 611
*** 1444243621246 ** 612
*** 1444243625597 ** 613
*** 1444243632501 ** 614
*** 1444243636469 ** 615
*** 1444243643165 ** 616
*** 1444243645421 ** 617
*** 1444243651261 ** 618
*** 1444243656173 ** 619
*** 1444243658908 ** 620
*** 1444243662220 ** 621
*** 1444243667228 ** 622
*** 1444243669124 ** 623
*** 1444243670948 ** 624
*** 1444243672588 ** 625
*** 1444243673380 ** 626
*** 1444243676516 ** 627
*** 1444243681107 ** 628
*** 1444243683723 ** 629
*** 1444243685250 ** 629
*** 1444243687899 ** 629
*** 1444243691426 ** 630
*** 1444243693371 ** 631
*** 1444243698291 ** 631
*** 1444243698779 ** 632
*** 1444243699411 ** 633
*** 1444243701819 ** 633
*** 1444243703875 ** 634
*** 1444243706585 ** 635
*** 1444243710450 ** 636
*** 1444243712385 ** 637
*** 1444243714586 ** 638
*** 1444243719322 ** 639
*** 1444243731946 ** 640
*** 1444243735130 ** 641
*** 1444243740145 ** 642
*** 1444243743849 ** 643
*** 1444243749649 ** 643
*** 1444243750113 ** 644
*** 1444243752353 ** 644
*** 1444243755905 ** 645
*** 1444243760817 ** 646
*** 1444243764079 ** 647
*** 1444243768256 ** 648
648
*** 1444243770952 ** 649
*** 1444243774040 ** 650
*** 1444243775695 ** 651
*** 1444243777575 ** 652
*** 1444243780448 ** 653
*** 1444243787912 ** 654
*** 1444243790912 ** 655
*** 1444243792287 ** 655
*** 1444243792616 ** 656
*** 1444243793359 ** 657
*** 1444243793911 ** 658
*** 1444245295056 ** 659
*** 1444245295712 ** 660
*** 1444245296408 ** 661
*** 1444245297024 ** 662
*** 1444245297703 ** 663
*** 1444245298423 ** 662
*** 1444245298631 ** 661
*** 1444245298808 ** 660
*** 1444245299007 ** 659
*** 1444245299431 ** 658
*** 1444245303471 ** 659
*** 1444245303679 ** 660
*** 1444245303839 ** 661
*** 1444245303975 ** 662
*** 1444245304391 ** 661
*** 1444245304559 ** 660
*** 1444245304719 ** 659
*** 1444245304895 ** 658
*** 1444245407924 ** 659
*** 1444245408684 ** 658
*** 1444245448306 ** 658
*** 1444245454994 ** 659
*** 1444245459210 ** 660
*** 1444245464226 ** 661
*** 1444245467169 ** 662
*** 1444245469704 ** 663
*** 1444245473017 ** 664
*** 1444245476129 ** 665
*** 1444245478737 ** 666
*** 1444245484961 ** 667
*** 1444245490615 ** 668
*** 1444245495592 ** 669
*** 1444245501424 ** 670
*** 1444245504096 ** 671
*** 1444245509472 ** 672
*** 1444245513136 ** 673
*** 1444245519399 ** 674
*** 1444245524679 ** 675
*** 1444245531551 ** 676
*** 1444245532359 ** 677
*** 1444245535015 ** 678
*** 1444245540703 ** 679
*** 1444245543791 ** 680
*** 1444245547966 ** 681
*** 1444245552630 ** 682
*** 1444245554998 ** 683
*** 1444245558078 ** 684
*** 1444245560486 ** 685
*** 1444245561894 ** 686
*** 1444245566934 ** 687
*** 1444245571726 ** 688
*** 1444245574693 ** 689
*** 1444245578021 ** 690
*** 1444245582133 ** 691
*** 1444245585253 ** 692
*** 1444245588909 ** 693
*** 1444245592709 ** 693
*** 1444245593629 ** 694
*** 1444245594829 ** 694
*** 1444245597132 ** 695
*** 1444245600109 ** 696
*** 1444245604652 ** 697
*** 1444245609772 ** 698
*** 1444245612028 ** 699
*** 1444245615332 ** 700
*** 1444245619772 ** 701
*** 1444245622508 ** 702
*** 1444245628644 ** 703
*** 1444245632851 ** 704
*** 1444245637083 ** 705
*** 1444245641947 ** 706
*** 1444245644195 ** 707
*** 1444245646979 ** 708
*** 1444245650291 ** 709
*** 1444245653819 ** 710
*** 1444245657051 ** 711
*** 1444245662162 ** 712
*** 1444245665514 ** 713
*** 1444245668097 ** 714
*** 1444245671531 ** 715
*** 1444245672674 ** 716
*** 1444245675706 ** 717
*** 1444245681450 ** 718
*** 1444245685569 ** 719
*** 1444245689513 ** 720
*** 1444245691617 ** 721
*** 1444245695585 ** 722
*** 1444245699960 ** 723
*** 1444245704881 ** 724
*** 1444245708520 ** 725
*** 1444245716032 ** 726
*** 1444245718216 ** 727
*** 1444245721360 ** 728
*** 1444245725384 ** 729
*** 1444245727968 ** 730
*** 1444245729640 ** 731
*** 1444245732783 ** 732
*** 1444245736919 ** 733
*** 1444245739559 ** 734
*** 1444245745231 ** 735
*** 1444245749302 ** 736
*** 1444245752039 ** 737
*** 1444245755959 ** 738
*** 1444245760510 ** 739
*** 1444245765126 ** 740
*** 1444245769245 ** 741
*** 1444245772238 ** 742
*** 1444245778485 ** 743
*** 1444245781982 ** 744
*** 1444245785870 ** 745
*** 1444245788917 ** 746
*** 1444245791318 ** 747
*** 1444245793197 ** 748
*** 1444245796213 ** 749
*** 1444245801021 ** 750
*** 1444245806237 ** 751
*** 1444245813468 ** 752
*** 1444245817644 ** 753
*** 1444245819420 ** 754
*** 1444245821228 ** 755
*** 1444245825068 ** 756
*** 1444245828716 ** 757
*** 1444245831644 ** 758
*** 1444245839035 ** 759
*** 1444245841539 ** 760
*** 1444245843907 ** 761
*** 1444245847386 ** 762
*** 1444245850923 ** 763
*** 1444245858787 ** 764
*** 1444245860675 ** 765
*** 1444245863914 ** 766
*** 1444245867803 ** 767
*** 1444245873954 ** 768
*** 1444245876026 ** 768
*** 1444245876394 ** 769
*** 1444245878202 ** 769
*** 1444245881778 ** 770
*** 1444245885314 ** 771
*** 1444245888170 ** 772
*** 1444245892610 ** 773
*** 1444245895633 ** 774
*** 1444245901073 ** 775
*** 1444245903513 ** 776
*** 1444245906417 ** 777
*** 1444245909017 ** 778
*** 1444245913969 ** 779
*** 1444245916352 ** 780
*** 1444245921919 ** 781
*** 1444245923824 ** 782
*** 1444245926360 ** 783
*** 1444245928800 ** 784
*** 1444245934664 ** 785
*** 1444245938390 ** 786
*** 1444245941256 ** 787
*** 1444245943560 ** 788
*** 1444245945607 ** 789
*** 1444245948039 ** 790
*** 1444245951687 ** 791
*** 1444245956815 ** 792
*** 1444245960295 ** 793
*** 1444245968031 ** 794
*** 1444245970343 ** 795
*** 1444245972575 ** 796
*** 1444245977638 ** 797
*** 1444245980525 ** 798
*** 1444245985942 ** 799
*** 1444245990926 ** 800
*** 1444245994278 ** 801
*** 1444245997246 ** 802
*** 1444246000373 ** 803
*** 1444246003292 ** 804
*** 1444246006637 ** 805
*** 1444246010589 ** 806
*** 1444246014157 ** 807
*** 1444246015869 ** 808
*** 1444246023732 ** 809
*** 1444246027876 ** 810
*** 1444246029868 ** 811
*** 1444246032628 ** 812
*** 1444246035476 ** 813
*** 1444246037900 ** 814
*** 1444246040572 ** 815
*** 1444246042019 ** 816
*** 1444246044372 ** 817
*** 1444246048692 ** 818
*** 1444246052651 ** 819
*** 1444246057514 ** 820
*** 1444246059635 ** 821
*** 1444246075451 ** 822
*** 1444246078187 ** 823
*** 1444246080209 ** 824
*** 1444246082018 ** 825
*** 1444246083946 ** 826
*** 1444246087563 ** 827
*** 1444246090123 ** 828
*** 1444246091194 ** 829
*** 1444246093506 ** 830
*** 1444246096938 ** 831
*** 1444246097922 ** 832
*** 1444246100186 ** 833
*** 1444246101536 ** 834
*** 1444246106353 ** 835
*** 1444246110033 ** 836
*** 1444246112769 ** 837
*** 1444246116025 ** 838
*** 1444246119193 ** 839
*** 1444246122897 ** 840
*** 1444246127617 ** 841
*** 1444246130824 ** 842
*** 1444246132848 ** 843
*** 1444246139560 ** 844
*** 1444246142640 ** 845
*** 1444246144744 ** 846
*** 1444246149632 ** 847
*** 1444246156791 ** 848
*** 1444246160167 ** 849
*** 1444246164055 ** 850
*** 1444246168567 ** 851
*** 1444246170759 ** 852
*** 1444246172879 ** 853
*** 1444246175407 ** 854
*** 1444246180263 ** 855
*** 1444246182407 ** 856
*** 1444246186391 ** 857
*** 1444246190173 ** 858
*** 1444246194358 ** 859
*** 1444246200126 ** 860
*** 1444246204438 ** 861
*** 1444246207694 ** 862
*** 1444246210389 ** 863
*** 1444246215878 ** 864
*** 1444246219412 ** 865
*** 1444246229269 ** 866
*** 1444246230957 ** 867
*** 1444246234885 ** 868
*** 1444246236549 ** 869
*** 1444246238285 ** 870
*** 1444246240245 ** 871
*** 1444246244460 ** 872
*** 1444246248124 ** 873
*** 1444246250596 ** 874
*** 1444246253604 ** 875
*** 1444246257148 ** 876
*** 1444246259612 ** 877
*** 1444246261916 ** 878
*** 1444246264651 ** 879
*** 1444246265635 ** 880
*** 1444246267491 ** 881
*** 1444246272652 ** 882
*** 1444246274347 ** 883
*** 1444246277667 ** 884
*** 1444246281835 ** 885
*** 1444246283811 ** 886
*** 1444246287667 ** 887
*** 1444246294202 ** 888
*** 1444246296563 ** 889
*** 1444246298626 ** 890
*** 1444246302802 ** 891
*** 1444246307131 ** 892
*** 1444246309442 ** 893
*** 1444246312154 ** 894
*** 1444246314986 ** 895
*** 1444246317834 ** 896
*** 1444246320354 ** 897
*** 1444246325712 ** 898
*** 1444246328739 ** 899
*** 1444246333217 ** 900
*** 1444246335369 ** 901
*** 1444246339905 ** 902
*** 1444246342969 ** 903
*** 1444246347992 ** 904
*** 1444246350856 ** 905
*** 1444246353408 ** 906
*** 1444246358744 ** 907
*** 1444246361576 ** 908
*** 1444246365520 ** 909
*** 1444246370152 ** 910
*** 1444246372808 ** 911
*** 1444246376671 ** 912
*** 1444246382783 ** 913
*** 1444246387335 ** 914
*** 1444246390167 ** 915
*** 1444246394661 ** 916
*** 1444246401182 ** 917
*** 1444246404854 ** 918
*** 1444246408709 ** 919
*** 1444246414174 ** 920
*** 1444246416862 ** 921
*** 1444246418390 ** 922
*** 1444246422574 ** 923
*** 1444246425078 ** 924
*** 1444246427262 ** 925
*** 1444246431565 ** 926
*** 1444246433997 ** 927
*** 1444246437725 ** 928
*** 1444246439973 ** 929
*** 1444246442581 ** 930
*** 1444246444669 ** 931
*** 1444246448189 ** 932
*** 1444246450853 ** 933
*** 1444246452909 ** 934
*** 1444246455013 ** 935
*** 1444246458716 ** 936
*** 1444246460516 ** 937
*** 1444246462204 ** 938
*** 1444246466964 ** 939
*** 1444246470132 ** 940
*** 1444246473828 ** 941
*** 1444246477420 ** 942
*** 1444246479380 ** 943
*** 1444246483379 ** 944
*** 1444246486851 ** 945
*** 1444246488971 ** 946
*** 1444246493683 ** 947
*** 1444246496739 ** 948
*** 1444246498835 ** 949
*** 1444246501859 ** 950
*** 1444246503699 ** 951
*** 1444246505298 ** 952
*** 1444246509611 ** 953
*** 1444246515050 ** 954
*** 1444246519978 ** 955
*** 1444246526826 ** 956
*** 1444246529304 ** 957
*** 1444246531242 ** 958
*** 1444246533586 ** 959
*** 1444246535514 ** 960
*** 1444246536905 ** 961
*** 1444246539233 ** 962
*** 1444246541233 ** 963
*** 1444246543137 ** 964
*** 1444246545953 ** 965
*** 1444246549745 ** 966
*** 1444246553585 ** 967
*** 1444246556793 ** 968
*** 1444246558128 ** 969
*** 1444246559345 ** 970
*** 1444246561280 ** 971
*** 1444246562449 ** 972
*** 1444246563688 ** 973
*** 1444246565544 ** 974
*** 1444246569737 ** 975
*** 1444246573176 ** 976
*** 1444246574592 ** 977
*** 1444246578744 ** 977
*** 1444246579096 ** 978
*** 1444246579536 ** 978
*** 1444246584152 ** 979
*** 1444246586824 ** 980
*** 1444246590879 ** 981
*** 1444246593471 ** 982
*** 1444246595087 ** 983
*** 1444246603503 ** 984
*** 1444246605479 ** 985
*** 1444246609415 ** 986
*** 1444246612950 ** 987
*** 1444246618150 ** 987
*** 1444246618733 ** 988
*** 1444246620102 ** 988
*** 1444246625766 ** 989
*** 1444246628142 ** 990
*** 1444246630430 ** 991
*** 1444246632614 ** 992
*** 1444246635974 ** 993
*** 1444246637694 ** 994
*** 1444246642637 ** 995
*** 1444246649181 ** 996
*** 1444246652597 ** 997
*** 1444246657717 ** 998
*** 1444246660437 ** 999
*** 1444246663165 ** 1000
*** 1444246664749 ** 1001
*** 1444246667356 ** 1002
*** 1444246668460 ** 1003
*** 1444246672476 ** 1004
*** 1444246675988 ** 1005
*** 1444246678676 ** 1006
*** 1444246682236 ** 1007
*** 1444246688284 ** 1007
*** 1444246688819 ** 1008
*** 1444246689499 ** 1008
*** 1444246698291 ** 1009
*** 1444246700530 ** 1010
*** 1444246704219 ** 1011
*** 1444246708395 ** 1012
*** 1444246714971 ** 1013
*** 1444246719498 ** 1014
*** 1444246721226 ** 1015
*** 1444246722162 ** 1016
*** 1444246724986 ** 1017
*** 1444246729162 ** 1018
*** 1444246732002 ** 1019
*** 1444246734290 ** 1020
*** 1444246741994 ** 1021
*** 1444246746225 ** 1022
*** 1444246749033 ** 1023
*** 1444246751585 ** 1024
*** 1444246755424 ** 1025
*** 1444246757689 ** 1026
*** 1444246758793 ** 1027
*** 1444246761601 ** 1028
*** 1444246765057 ** 1029
*** 1444246766921 ** 1030
*** 1444246768160 ** 1031
*** 1444246770776 ** 1032
*** 1444246774816 ** 1033
*** 1444246778648 ** 1034
*** 1444246780960 ** 1035
*** 1444246784512 ** 1036
*** 1444246785800 ** 1037
*** 1444246787968 ** 1038
*** 1444246790120 ** 1039
*** 1444246792175 ** 1040
*** 1444246794265 ** 1041
*** 1444246796600 ** 1042
*** 1444246799854 ** 1043
*** 1444246802415 ** 1044
*** 1444246804559 ** 1045
*** 1444246808215 ** 1046
*** 1444246811111 ** 1047
*** 1444246812439 ** 1048
*** 1444246814959 ** 1049
*** 1444246816759 ** 1050
*** 1444246819247 ** 1051
*** 1444246821798 ** 1052
*** 1444246827286 ** 1053
*** 1444246829166 ** 1054
*** 1444246832661 ** 1055
*** 1444246834054 ** 1056
*** 1444246836630 ** 1057
*** 1444246839590 ** 1058
*** 1444246842837 ** 1059
*** 1444246846097 ** 1060
*** 1444246849316 ** 1061
*** 1444246852485 ** 1062
*** 1444246854957 ** 1063
1063
*** 1444246857533 ** 1064
*** 1444246860677 ** 1065
*** 1444246862509 ** 1066
*** 1444246866692 ** 1067
*** 1444246870686 ** 1068
*** 1444246877045 ** 1069
*** 1444246880724 ** 1070
*** 1444246883716 ** 1071
*** 1444246886460 ** 1072
*** 1444246889204 ** 1073
*** 1444246893228 ** 1074
*** 1444246893860 ** 1075
1075
*** 1444246904228 ** 1076
*** 1444246910003 ** 1077
*** 1444246914211 ** 1078
*** 1444246921073 ** 1079
*** 1444246924131 ** 1080
*** 1444246926139 ** 1081
*** 1444246929450 ** 1082
*** 1444246933338 ** 1083
*** 1444246935986 ** 1084
*** 1444246941074 ** 1085
*** 1444246945186 ** 1086
*** 1444246949402 ** 1087
*** 1444246951697 ** 1088
*** 1444246952753 ** 1089
*** 1444246954762 ** 1090
*** 1444246959625 ** 1091
*** 1444246964073 ** 1092
*** 1444246966425 ** 1093
*** 1444246968465 ** 1094
*** 1444246973329 ** 1095
*** 1444246978792 ** 1096
*** 1444246982560 ** 1097
*** 1444246984551 ** 1098
*** 1444246986232 ** 1099
*** 1444246987192 ** 1100
*** 1444246989968 ** 1101
1101
*** 1444246993823 ** 1102
*** 1444246996616 ** 1103
*** 1444247000223 ** 1104
*** 1444247003328 ** 1105
*** 1444247006703 ** 1106
*** 1444247011271 ** 1107
*** 1444247019263 ** 1108
*** 1444247020326 ** 1109
*** 1444247022590 ** 1110
*** 1444247027167 ** 1111
*** 1444247031543 ** 1112
*** 1444247036286 ** 1113
*** 1444247039351 ** 1114
*** 1444247041926 ** 1115
*** 1444247044125 ** 1116
*** 1444247048974 ** 1117
*** 1444247051294 ** 1118
*** 1444247052086 ** 1119
*** 1444247054302 ** 1120
*** 1444247057638 ** 1121
*** 1444247065805 ** 1122
*** 1444247068092 ** 1123
*** 1444247071693 ** 1124
*** 1444247073709 ** 1125
*** 1444247076957 ** 1126
*** 1444247078221 ** 1127
*** 1444247080061 ** 1128
*** 1444247088469 ** 1129
*** 1444247093507 ** 1130
*** 1444247096372 ** 1131
*** 1444247099660 ** 1132
*** 1444247103667 ** 1133
*** 1444247106683 ** 1134
*** 1444247109683 ** 1135
*** 1444247112204 ** 1136
*** 1444247118451 ** 1137
*** 1444247121755 ** 1138
*** 1444247124731 ** 1139
*** 1444247126723 ** 1140
*** 1444247130739 ** 1141
*** 1444247133155 ** 1142
*** 1444247135875 ** 1143
*** 1444247139122 ** 1144
*** 1444247142530 ** 1145
*** 1444247145403 ** 1146
*** 1444247146274 ** 1147
1147
*** 1444247149890 ** 1148
*** 1444247152530 ** 1149
*** 1444247154898 ** 1150
*** 1444247158354 ** 1151
*** 1444247163329 ** 1152
*** 1444247164962 ** 1153
*** 1444247171041 ** 1154
*** 1444247172529 ** 1155
*** 1444247175401 ** 1156
*** 1444247179473 ** 1157
*** 1444247185625 ** 1158
*** 1444247189321 ** 1159
*** 1444247191175 ** 1160
*** 1444247197241 ** 1161
*** 1444247200168 ** 1162
*** 1444247205664 ** 1163
*** 1444247209568 ** 1164
*** 1444247212000 ** 1165
*** 1444247213376 ** 1166
*** 1444247215952 ** 1167
*** 1444247218391 ** 1168
*** 1444247227703 ** 1169
*** 1444247231047 ** 1170
*** 1444247233743 ** 1171
*** 1444247236055 ** 1172
*** 1444247237678 ** 1173
*** 1444247240439 ** 1174
*** 1444247242863 ** 1175
*** 1444247247902 ** 1176
*** 1444247249878 ** 1177
*** 1444247252742 ** 1178
*** 1444247256206 ** 1179
*** 1444247258126 ** 1180
*** 1444247260166 ** 1181
*** 1444247264254 ** 1182
*** 1444247268606 ** 1183
*** 1444247270038 ** 1184
*** 1444247272230 ** 1185
*** 1444247274078 ** 1186
*** 1444247277054 ** 1187
*** 1444247280709 ** 1188
*** 1444247281573 ** 1189
1189
*** 1444247287429 ** 1190
*** 1444247291357 ** 1191
*** 1444247293661 ** 1192
*** 1444247295669 ** 1193
*** 1444247300109 ** 1194
*** 1444247307524 ** 1195
*** 1444247312980 ** 1196
*** 1444247317684 ** 1197
*** 1444247319988 ** 1198
*** 1444247321700 ** 1199
*** 1444247326628 ** 1200
*** 1444247328179 ** 1201
*** 1444247331924 ** 1202
*** 1444247334291 ** 1203
*** 1444247336763 ** 1204
*** 1444247338803 ** 1205
*** 1444247341651 ** 1206
*** 1444247347291 ** 1207
*** 1444247350819 ** 1208
*** 1444247351714 ** 1209
*** 1444247353930 ** 1210
*** 1444247356698 ** 1211
*** 1444247358994 ** 1212
*** 1444247361633 ** 1213
*** 1444247368610 ** 1214
*** 1444247372650 ** 1215
*** 1444247374818 ** 1216
*** 1444247377585 ** 1217
*** 1444247381041 ** 1218
*** 1444247382817 ** 1219
*** 1444247385745 ** 1220
*** 1444247388233 ** 1221
*** 1444247392609 ** 1222
*** 1444247392929 ** 1223
*** 1444247394873 ** 1224
*** 1444247399537 ** 1225
*** 1444247402104 ** 1226
*** 1444247406945 ** 1227
*** 1444247408136 ** 1228
*** 1444247411432 ** 1229
*** 1444247413520 ** 1230
*** 1444247419096 ** 1231
*** 1444247422216 ** 1232
*** 1444247424823 ** 1232
*** 1444247425263 ** 1233
*** 1444247428440 ** 1233
*** 1444247432311 ** 1234
*** 1444247436135 ** 1235
*** 1444247439335 ** 1236
*** 1444247446095 ** 1237
*** 1444247451839 ** 1238
*** 1444247453373 ** 1239
*** 1444247455462 ** 1240
*** 1444247460630 ** 1241
*** 1444247465830 ** 1242
*** 1444247469639 ** 1243
*** 1444247473262 ** 1244
*** 1444247477182 ** 1245
*** 1444247481517 ** 1246
*** 1444247483438 ** 1247
*** 1444247485349 ** 1248
*** 1444247488508 ** 1249
*** 1444247491117 ** 1250
*** 1444247496869 ** 1251
*** 1444247502556 ** 1252
*** 1444247504773 ** 1253
*** 1444247506125 ** 1254
*** 1444247508380 ** 1255
*** 1444247509963 ** 1256
*** 1444247511892 ** 1257
*** 1444247514117 ** 1258
*** 1444247534506 ** 1259
*** 1444247539995 ** 1260
*** 1444247546771 ** 1261
*** 1444247548515 ** 1262
*** 1444247554931 ** 1263
*** 1444247557354 ** 1264
*** 1444247559802 ** 1265
*** 1444247564107 ** 1266
*** 1444247566914 ** 1267
*** 1444247572618 ** 1268
*** 1444247578562 ** 1269
*** 1444247583386 ** 1270
*** 1444247586369 ** 1271
*** 1444247590609 ** 1272
*** 1444247601465 ** 1273
*** 1444247604449 ** 1274
*** 1444247606257 ** 1275
*** 1444247607394 ** 1276
*** 1444247613560 ** 1277
*** 1444247617112 ** 1278
*** 1444247618944 ** 1279
*** 1444247624360 ** 1280
*** 1444247625624 ** 1281
*** 1444247628031 ** 1282
*** 1444247630920 ** 1283
*** 1444247635151 ** 1284
*** 1444247647023 ** 1285
*** 1444247652511 ** 1286
*** 1444247656343 ** 1287
*** 1444247663999 ** 1288
*** 1444247666758 ** 1289
*** 1444247669134 ** 1290
*** 1444247673374 ** 1291
*** 1444247675510 ** 1292
*** 1444247677806 ** 1293
*** 1444247679814 ** 1294
*** 1444247682430 ** 1295
*** 1444247689221 ** 1296
*** 1444247693365 ** 1297
*** 1444247696925 ** 1298
*** 1444247702613 ** 1299
*** 1444247704773 ** 1300
*** 1444247708949 ** 1301
*** 1444247714309 ** 1302
*** 1444247719412 ** 1303
*** 1444247720524 ** 1304
*** 1444247724836 ** 1305
*** 1444247727612 ** 1306
*** 1444247730820 ** 1307
*** 1444247734356 ** 1308
*** 1444247737004 ** 1309
*** 1444247740828 ** 1310
*** 1444247745723 ** 1311
*** 1444247751691 ** 1312
*** 1444247758203 ** 1313
*** 1444247760179 ** 1314
*** 1444247768890 ** 1315
*** 1444247771254 ** 1316
*** 1444247776001 ** 1317
*** 1444247780610 ** 1318
*** 1444247784985 ** 1319
*** 1444247788522 ** 1320
*** 1444247797129 ** 1321
*** 1444247801737 ** 1322
*** 1444247804833 ** 1323
*** 1444247809577 ** 1324
*** 1444247813561 ** 1325
*** 1444247816273 ** 1326
*** 1444247819729 ** 1327
*** 1444247821553 ** 1328
*** 1444247827704 ** 1329
*** 1444247831408 ** 1330
*** 1444247832888 ** 1331
*** 1444247834993 ** 1332
*** 1444247841576 ** 1333
*** 1444247846575 ** 1334
*** 1444247851191 ** 1335
*** 1444247854735 ** 1336
*** 1444247857671 ** 1337
*** 1444247862599 ** 1338
*** 1444247865398 ** 1339
*** 1444247869023 ** 1340
*** 1444247874030 ** 1341
*** 1444247878030 ** 1342
*** 1444247880878 ** 1343
*** 1444247886342 ** 1344
*** 1444247892038 ** 1345
*** 1444247895134 ** 1346
1346
*** 1444247900317 ** 1347
*** 1444247905548 ** 1348
*** 1444247909525 ** 1349
*** 1444247913861 ** 1350
*** 1444247918253 ** 1351
*** 1444247919709 ** 1352
*** 1444247926563 ** 1353
*** 1444247928740 ** 1354
*** 1444247946748 ** 1355
*** 1444247951691 ** 1356
*** 1444247955171 ** 1357
*** 1444247959779 ** 1358
*** 1444247965003 ** 1359
*** 1444247967675 ** 1360
*** 1444247974538 ** 1361
*** 1444247978435 ** 1362
*** 1444247981906 ** 1363
*** 1444247986074 ** 1364
*** 1444247990626 ** 1365
*** 1444247996522 ** 1366
*** 1444248001097 ** 1367
*** 1444248004346 ** 1368
*** 1444248010993 ** 1369
*** 1444248015465 ** 1370
*** 1444248022410 ** 1370
*** 1444248022633 ** 1371
*** 1444248022905 ** 1371
*** 1444248025809 ** 1372
*** 1444248028033 ** 1373
*** 1444248029880 ** 1374
*** 1444248032800 ** 1375
*** 1444248034640 ** 1376
*** 1444248035880 ** 1377
1377
*** 1444248040904 ** 1377
*** 1444248041008 ** 1378
*** 1444248043728 ** 1378
*** 1444248045624 ** 1379
*** 1444248046928 ** 1380
*** 1444248050903 ** 1380
*** 1444248051144 ** 1381
*** 1444248052536 ** 1381
*** 1444248054527 ** 1382
1382
*** 1444248080983 ** 1383
*** 1444248083366 ** 1384
*** 1444248086518 ** 1385
*** 1444248089502 ** 1386
*** 1444248092198 ** 1387
*** 1444248094686 ** 1388
*** 1444248098830 ** 1389
*** 1444248101662 ** 1390
*** 1444248104238 ** 1391
*** 1444248107413 ** 1392
*** 1444248110421 ** 1393
*** 1444248112709 ** 1394
*** 1444248114853 ** 1395
*** 1444248121885 ** 1396
*** 1444248123533 ** 1397
*** 1444248126548 ** 1398
*** 1444248128523 ** 1399
*** 1444248132365 ** 1399
*** 1444248132659 ** 1400
*** 1444248134692 ** 1400
*** 1444248137164 ** 1401
*** 1444248139772 ** 1402
*** 1444248148508 ** 1403
*** 1444248151388 ** 1404
*** 1444248154188 ** 1405
*** 1444248156836 ** 1406
*** 1444248159411 ** 1407
*** 1444248162747 ** 1408
*** 1444248166787 ** 1409
*** 1444248168027 ** 1410
*** 1444248169299 ** 1411
*** 1444248171795 ** 1412
1412
*** 1444248175699 ** 1412
*** 1444248175859 ** 1413
*** 1444248176123 ** 1414
*** 1444248176403 ** 1414
*** 1444248178587 ** 1415
1415
*** 1444248182507 ** 1416
*** 1444248186563 ** 1417
*** 1444248189770 ** 1418
*** 1444248191378 ** 1419
*** 1444248194562 ** 1420
*** 1444248200330 ** 1421
*** 1444248203066 ** 1422
*** 1444248208538 ** 1423
*** 1444248211657 ** 1424
*** 1444248215353 ** 1425
*** 1444248220809 ** 1425
*** 1444248220905 ** 1426
*** 1444248221073 ** 1427
*** 1444248221233 ** 1427
*** 1444248224441 ** 1428
*** 1444248227121 ** 1429
*** 1444248230089 ** 1430
*** 1444248232617 ** 1431
*** 1444248235640 ** 1432
*** 1444248238425 ** 1433
*** 1444248241257 ** 1434
*** 1444248242976 ** 1435
*** 1444248245112 ** 1436
*** 1444248249960 ** 1437
*** 1444248253584 ** 1438
*** 1444248256080 ** 1439
*** 1444248260648 ** 1440
*** 1444248265720 ** 1441
*** 1444248268991 ** 1442
*** 1444248271487 ** 1443
*** 1444248276343 ** 1444
*** 1444248283167 ** 1445
*** 1444248286287 ** 1446
*** 1444248288839 ** 1447
*** 1444248293150 ** 1448
*** 1444248298117 ** 1449
*** 1444248300038 ** 1450
*** 1444248301582 ** 1451
*** 1444248307150 ** 1452
*** 1444248308710 ** 1453
*** 1444248310238 ** 1454
*** 1444248312894 ** 1455
*** 1444248316790 ** 1456
*** 1444248319598 ** 1457
*** 1444248323469 ** 1458
*** 1444248327221 ** 1459
*** 1444248328085 ** 1460
*** 1444248330189 ** 1461
*** 1444248332453 ** 1462
*** 1444248335949 ** 1463
*** 1444248354812 ** 1464
*** 1444248359860 ** 1465
*** 1444248363564 ** 1466
*** 1444248367004 ** 1467
*** 1444248369957 ** 1468
*** 1444248371483 ** 1469
*** 1444248374380 ** 1470
*** 1444248376948 ** 1471
*** 1444248380123 ** 1472
*** 1444248386091 ** 1473
*** 1444248389043 ** 1474
*** 1444248392995 ** 1475
*** 1444248395331 ** 1476
*** 1444248398531 ** 1477
*** 1444248403314 ** 1478
*** 1444248406586 ** 1479
*** 1444248409674 ** 1480
*** 1444248411242 ** 1481
*** 1444248413426 ** 1482
*** 1444248416954 ** 1483
*** 1444248423066 ** 1484
*** 1444248424682 ** 1485
*** 1444248428481 ** 1486
*** 1444248431489 ** 1487
*** 1444248433241 ** 1488
*** 1444248436729 ** 1489
*** 1444248439272 ** 1490
*** 1444248442657 ** 1491
*** 1444248444761 ** 1492
*** 1444248447713 ** 1493
*** 1444248450433 ** 1494
*** 1444248452673 ** 1495
1495
*** 1444248456385 ** 1496
*** 1444248458001 ** 1497
*** 1444248461024 ** 1498
*** 1444248463824 ** 1499
*** 1444248466336 ** 1500
*** 1444248469064 ** 1501
*** 1444248471759 ** 1502
*** 1444248475376 ** 1503
*** 1444248478974 ** 1504
*** 1444248490455 ** 1505
*** 1444248492870 ** 1506
*** 1444248495167 ** 1507
*** 1444248497647 ** 1508
*** 1444248501039 ** 1509
*** 1444248508975 ** 1510
*** 1444248512103 ** 1511
*** 1444248514438 ** 1512
*** 1444248516574 ** 1513
*** 1444248522854 ** 1514
*** 1444248528766 ** 1515
*** 1444248530694 ** 1516
*** 1444248535150 ** 1517
*** 1444248538773 ** 1518
*** 1444248541517 ** 1519
*** 1444248545637 ** 1520
*** 1444248548829 ** 1521
*** 1444248553013 ** 1522
*** 1444248554701 ** 1523
*** 1444248556469 ** 1524
*** 1444248557613 ** 1525
*** 1444248561147 ** 1526
*** 1444248564316 ** 1527
*** 1444248567756 ** 1528
*** 1444248569412 ** 1529
*** 1444248571540 ** 1530
*** 1444248574660 ** 1531
*** 1444248578884 ** 1532
*** 1444248581092 ** 1533
*** 1444248583572 ** 1534
*** 1444248589036 ** 1535
*** 1444248592532 ** 1536
*** 1444248597451 ** 1537
*** 1444248601187 ** 1538
*** 1444248604363 ** 1539
*** 1444248605986 ** 1540
*** 1444248607411 ** 1541
*** 1444248608626 ** 1542
*** 1444248613059 ** 1543
*** 1444248615811 ** 1544
*** 1444248620011 ** 1545
*** 1444248623170 ** 1546
*** 1444248625362 ** 1547
*** 1444248628882 ** 1548
*** 1444248630538 ** 1549
*** 1444248631434 ** 1550
*** 1444248634658 ** 1551
*** 1444248637554 ** 1552
*** 1444248641153 ** 1553
*** 1444248643570 ** 1554
*** 1444248646866 ** 1555
*** 1444248652353 ** 1556
*** 1444248657329 ** 1557
*** 1444248660618 ** 1558
*** 1444248665385 ** 1559
*** 1444248668762 ** 1560
*** 1444248670049 ** 1561
*** 1444248672977 ** 1562
*** 1444248675832 ** 1563
*** 1444248678160 ** 1564
*** 1444248678704 ** 1565
1565
*** 1444248682176 ** 1566
*** 1444248685136 ** 1567
*** 1444248688024 ** 1568
*** 1444248689224 ** 1569
*** 1444248690648 ** 1570
*** 1444248692640 ** 1571
*** 1444248694456 ** 1572
*** 1444248696479 ** 1573
*** 1444248697872 ** 1573
*** 1444248698384 ** 1574
*** 1444248699822 ** 1575
*** 1444248700224 ** 1576
*** 1444248848650 ** 1576
*** 1444248853026 ** 1577
*** 1444248860033 ** 1578
*** 1444248865089 ** 1579
*** 1444248866345 ** 1580
*** 1444248871513 ** 1581
*** 1444248873881 ** 1582
*** 1444248878201 ** 1583
*** 1444248881921 ** 1584
1584
*** 1444248884297 ** 1584
*** 1444248885561 ** 1584
*** 1444248888032 ** 1585
*** 1444248891800 ** 1586
1586
*** 1444248904296 ** 1587
*** 1444248909768 ** 1588
*** 1444248913447 ** 1589
*** 1444248915655 ** 1590
*** 1444248918151 ** 1591
*** 1444248927751 ** 1592
*** 1444248933383 ** 1593
*** 1444248936143 ** 1594
*** 1444248939814 ** 1595
*** 1444248945230 ** 1596
*** 1444248948406 ** 1597
*** 1444248953118 ** 1598
*** 1444248957758 ** 1599
*** 1444248960998 ** 1600
*** 1444248963174 ** 1601
*** 1444248966805 ** 1602
*** 1444248972863 ** 1603
*** 1444248980933 ** 1604
*** 1444248987691 ** 1605
*** 1444248990965 ** 1606
*** 1444248996068 ** 1607
*** 1444249000100 ** 1608
*** 1444249009660 ** 1609
*** 1444249013428 ** 1610
*** 1444249020827 ** 1611
*** 1444249024763 ** 1612
*** 1444249026691 ** 1613
*** 1444249029355 ** 1614
*** 1444249031787 ** 1615
*** 1444249035259 ** 1616
*** 1444249039859 ** 1617
*** 1444249042339 ** 1618
*** 1444249049170 ** 1619
*** 1444249051130 ** 1620
*** 1444249053859 ** 1621
*** 1444249059402 ** 1622
*** 1444249065994 ** 1623
*** 1444249069977 ** 1624
*** 1444249071962 ** 1625
*** 1444249074914 ** 1626
*** 1444249077994 ** 1627
*** 1444249081593 ** 1628
*** 1444249086113 ** 1629
*** 1444249090265 ** 1630
*** 1444249097297 ** 1631
*** 1444249098473 ** 1632
*** 1444249101280 ** 1633
*** 1444249104713 ** 1634
*** 1444249109928 ** 1635
*** 1444249111904 ** 1636
*** 1444249116528 ** 1637
*** 1444249120247 ** 1638
*** 1444249125136 ** 1639
*** 1444249129623 ** 1640
*** 1444249135207 ** 1641
*** 1444249139623 ** 1642
*** 1444249145759 ** 1643
*** 1444249148791 ** 1644
*** 1444249153383 ** 1645
*** 1444249158503 ** 1646
*** 1444249162654 ** 1647
*** 1444249170886 ** 1648
*** 1444249179398 ** 1649
*** 1444249182718 ** 1650
*** 1444249186893 ** 1651
*** 1444249191173 ** 1652
*** 1444249198173 ** 1653
1653
*** 1444249201532 ** 1654
*** 1444249207253 ** 1655
*** 1444249210261 ** 1656
*** 1444249211909 ** 1657
*** 1444249213732 ** 1658
*** 1444249222308 ** 1659
*** 1444249230228 ** 1660
*** 1444249232644 ** 1661
*** 1444249239747 ** 1662
*** 1444249242850 ** 1663
*** 1444249247891 ** 1664
*** 1444249250235 ** 1665
*** 1444249254483 ** 1666
*** 1444249256554 ** 1667
*** 1444249262211 ** 1668
*** 1444249268403 ** 1669
*** 1444249273395 ** 1670
*** 1444249277082 ** 1671
*** 1444249282531 ** 1672
*** 1444249284554 ** 1673
*** 1444249290282 ** 1674
*** 1444249295409 ** 1675
*** 1444249300417 ** 1676
*** 1444249304569 ** 1677
*** 1444249314049 ** 1678
*** 1444249319313 ** 1679
*** 1444249324424 ** 1680
*** 1444249327688 ** 1681
*** 1444249330224 ** 1682
*** 1444249335528 ** 1683
*** 1444249340360 ** 1684
*** 1444249344872 ** 1685
*** 1444249348392 ** 1686
*** 1444249355264 ** 1687
*** 1444249360567 ** 1688
*** 1444249365527 ** 1689
*** 1444249371871 ** 1690
*** 1444249374670 ** 1691
*** 1444249378318 ** 1692
*** 1444249381958 ** 1693
*** 1444249385958 ** 1694
*** 1444249389030 ** 1695
*** 1444249390605 ** 1696
*** 1444249393653 ** 1697
*** 1444249403588 ** 1698
*** 1444249407118 ** 1699
*** 1444249412661 ** 1700
*** 1444249416309 ** 1701
*** 1444249422445 ** 1702
*** 1444249426484 ** 1703
*** 1444249429981 ** 1704
*** 1444249435860 ** 1705
*** 1444249440260 ** 1706
*** 1444249443445 ** 1707
*** 1444249446163 ** 1708
*** 1444249449192 ** 1709
*** 1444249451828 ** 1710
*** 1444249456580 ** 1711
*** 1444249462179 ** 1712
*** 1444249466955 ** 1713
*** 1444249472907 ** 1714
*** 1444249479635 ** 1715
*** 1444249486739 ** 1716
*** 1444249491210 ** 1717
*** 1444249493858 ** 1718
*** 1444249503338 ** 1719
*** 1444249511178 ** 1720
*** 1444249515810 ** 1721
*** 1444249519482 ** 1722
*** 1444249525288 ** 1723
*** 1444249526865 ** 1724
*** 1444249536233 ** 1725
*** 1444249540169 ** 1726
*** 1444249544360 ** 1727
*** 1444249547224 ** 1728
*** 1444249550704 ** 1729
*** 1444249554152 ** 1730
*** 1444249557064 ** 1731
*** 1444249561328 ** 1732
*** 1444249565048 ** 1733
*** 1444249567392 ** 1734
*** 1444249568199 ** 1735
1735
*** 1444249573022 ** 1736
*** 1444249575616 ** 1737
*** 1444249582510 ** 1738
*** 1444249589423 ** 1739
*** 1444249592047 ** 1740
*** 1444249596062 ** 1741
*** 1444249599670 ** 1742
*** 1444249600942 ** 1743
*** 1444249602566 ** 1744
*** 1444249606886 ** 1745
*** 1444249611862 ** 1746
*** 1444249615277 ** 1747
*** 1444249619390 ** 1748
*** 1444249623821 ** 1749
*** 1444249630997 ** 1750
*** 1444249635885 ** 1751
*** 1444249641165 ** 1752
*** 1444249646796 ** 1753
*** 1444249652428 ** 1754
*** 1444249653484 ** 1755
*** 1444249656044 ** 1756
*** 1444249657859 ** 1757
*** 1444249661675 ** 1758
*** 1444249663883 ** 1759
*** 1444249666836 ** 1760
*** 1444249668476 ** 1761
*** 1444249670060 ** 1762
*** 1444249674603 ** 1763
*** 1444249680379 ** 1764
*** 1444249683538 ** 1765
*** 1444249686347 ** 1766
*** 1444249689690 ** 1767
*** 1444249691627 ** 1768
*** 1444249693571 ** 1769
*** 1444249699002 ** 1770
*** 1444249701778 ** 1771
*** 1444249709041 ** 1772
*** 1444249719458 ** 1773
*** 1444249724537 ** 1774
*** 1444249728081 ** 1775
*** 1444249732905 ** 1776
*** 1444249736729 ** 1777
*** 1444249741001 ** 1778
*** 1444249744425 ** 1779
*** 1444249750392 ** 1780
*** 1444249754640 ** 1781
*** 1444249758392 ** 1782
*** 1444249764727 ** 1783
*** 1444249767680 ** 1784
*** 1444249772639 ** 1785
*** 1444249778119 ** 1786
*** 1444249782175 ** 1787
*** 1444249785919 ** 1788
*** 1444249789614 ** 1789
*** 1444249793759 ** 1790
*** 1444249799287 ** 1791
*** 1444249805742 ** 1792
*** 1444249808606 ** 1793
*** 1444249816110 ** 1794
*** 1444249820686 ** 1795
*** 1444249823806 ** 1796
*** 1444249829302 ** 1797
*** 1444249833909 ** 1798
*** 1444249843501 ** 1799
*** 1444249847508 ** 1800
*** 1444249854397 ** 1801
*** 1444249858948 ** 1802
*** 1444249862180 ** 1803
*** 1444249865772 ** 1804
*** 1444249872604 ** 1805
*** 1444249879252 ** 1806
*** 1444249886556 ** 1807
*** 1444249893483 ** 1808
*** 1444249900131 ** 1809
*** 1444249903835 ** 1810
*** 1444249908866 ** 1811
*** 1444249917538 ** 1812
*** 1444249923482 ** 1813
*** 1444249924442 ** 1814
*** 1444249925834 ** 1815
*** 1444249933226 ** 1816
*** 1444249939809 ** 1817
*** 1444249945937 ** 1818
*** 1444249953225 ** 1819
*** 1444249955713 ** 1820
*** 1444249959177 ** 1821
*** 1444249962697 ** 1822
*** 1444249967199 ** 1823
*** 1444249973016 ** 1824
*** 1444249976696 ** 1825
*** 1444249981344 ** 1826
*** 1444249984040 ** 1827
*** 1444249988464 ** 1828
*** 1444249993958 ** 1829
*** 1444249999831 ** 1830
*** 1444250005375 ** 1831
*** 1444250010543 ** 1832
*** 1444250014807 ** 1833
*** 1444250019302 ** 1834
*** 1444250023198 ** 1835
*** 1444250028494 ** 1836
*** 1444250033838 ** 1837
*** 1444250041445 ** 1838
*** 1444250047821 ** 1839
*** 1444250051086 ** 1840
*** 1444250054965 ** 1841
*** 1444250060517 ** 1842
*** 1444250063213 ** 1843
*** 1444250067341 ** 1844
*** 1444250072204 ** 1845
*** 1444250076219 ** 1846
*** 1444250083876 ** 1847
*** 1444250089956 ** 1848
*** 1444250092580 ** 1849
*** 1444250097203 ** 1850
*** 1444250100387 ** 1851
*** 1444250104707 ** 1852
*** 1444250108307 ** 1853
*** 1444250112355 ** 1854
*** 1444250116539 ** 1855
*** 1444250121811 ** 1856
*** 1444250125610 ** 1857
1857
*** 1444250132234 ** 1858
*** 1444250136098 ** 1859
*** 1444250140690 ** 1860
*** 1444250142514 ** 1861
*** 1444250146354 ** 1862
*** 1444250151473 ** 1863
*** 1444250155105 ** 1864
*** 1444250159129 ** 1865
*** 1444250163689 ** 1866
*** 1444250168169 ** 1867
*** 1444250171961 ** 1868
*** 1444250178760 ** 1869
*** 1444250185888 ** 1870
*** 1444250191088 ** 1871
*** 1444250194095 ** 1872
*** 1444250199752 ** 1873
*** 1444250204199 ** 1874
*** 1444250209855 ** 1875
*** 1444250213263 ** 1876
*** 1444250217407 ** 1877
*** 1444250220527 ** 1878
*** 1444250225878 ** 1879
*** 1444250229926 ** 1880
*** 1444250234422 ** 1881
*** 1444250238542 ** 1882
*** 1444250242286 ** 1883
*** 1444250245222 ** 1884
*** 1444250250262 ** 1885
*** 1444250255213 ** 1886
*** 1444250259357 ** 1887
*** 1444250263293 ** 1888
*** 1444250266485 ** 1889
*** 1444250271837 ** 1890
*** 1444250278605 ** 1891
*** 1444250281204 ** 1892
*** 1444250283068 ** 1893
*** 1444250286796 ** 1894
*** 1444250290996 ** 1895
*** 1444250297228 ** 1896
*** 1444250298692 ** 1897
*** 1444250305787 ** 1898
*** 1444250308140 ** 1899
*** 1444250310299 ** 1900
*** 1444250316722 ** 1901
*** 1444250319491 ** 1902
*** 1444250323306 ** 1903
1903
*** 1444250328083 ** 1904
*** 1444250330699 ** 1905
*** 1444250335626 ** 1906
*** 1444250341282 ** 1906
*** 1444250341722 ** 1907
*** 1444250343442 ** 1907
*** 1444250346450 ** 1908
*** 1444250351754 ** 1909
*** 1444250355561 ** 1910
*** 1444250358754 ** 1911
*** 1444250361409 ** 1912
*** 1444250366657 ** 1913
*** 1444250369041 ** 1914
*** 1444250371617 ** 1915
*** 1444250374289 ** 1916
*** 1444250379737 ** 1917
*** 1444250385353 ** 1918
*** 1444250387896 ** 1919
*** 1444250390384 ** 1920
*** 1444250394992 ** 1920
*** 1444250395192 ** 1921
*** 1444250396992 ** 1921
*** 1444250399712 ** 1922
*** 1444250404208 ** 1923
*** 1444250409456 ** 1924
*** 1444250414367 ** 1925
*** 1444250417903 ** 1926
*** 1444250422151 ** 1927
*** 1444250426007 ** 1928
*** 1444250429535 ** 1929
*** 1444250433495 ** 1930
*** 1444250440343 ** 1931
*** 1444250444998 ** 1932
*** 1444250448030 ** 1933
*** 1444250449158 ** 1934
*** 1444250451654 ** 1935
*** 1444250455230 ** 1936
*** 1444250460702 ** 1937
*** 1444250467277 ** 1938
*** 1444250470614 ** 1939
*** 1444250475413 ** 1940
*** 1444250478709 ** 1941
*** 1444250482053 ** 1942
*** 1444250488197 ** 1943
*** 1444250492885 ** 1944
1944
*** 1444250504220 ** 1945
*** 1444250508212 ** 1946
*** 1444250515444 ** 1947
*** 1444250518932 ** 1948
*** 1444250521155 ** 1949
*** 1444250524955 ** 1950
*** 1444250528411 ** 1951
*** 1444250530771 ** 1952
*** 1444250533235 ** 1953
*** 1444250536851 ** 1954
*** 1444250541906 ** 1955
*** 1444250545019 ** 1956
*** 1444250547706 ** 1957
*** 1444250554890 ** 1958
*** 1444250559730 ** 1959
*** 1444250564146 ** 1960
*** 1444250568162 ** 1961
*** 1444250572026 ** 1962
*** 1444250577289 ** 1963
*** 1444250581489 ** 1964
*** 1444250583457 ** 1965
*** 1444250586225 ** 1966
*** 1444250591305 ** 1967
*** 1444250595417 ** 1968
*** 1444250599817 ** 1969
*** 1444250602665 ** 1970
*** 1444250607024 ** 1971
*** 1444250613560 ** 1972
*** 1444250619584 ** 1973
*** 1444250626535 ** 1974
*** 1444250629680 ** 1975
*** 1444250632255 ** 1976
*** 1444250633799 ** 1977
*** 1444250638927 ** 1978
*** 1444250641359 ** 1979
*** 1444250645591 ** 1980
*** 1444250649783 ** 1981
*** 1444250654646 ** 1982
*** 1444250659846 ** 1983
*** 1444250666630 ** 1984
*** 1444250671342 ** 1985
*** 1444250676294 ** 1986
*** 1444250680126 ** 1987
*** 1444250686909 ** 1988
*** 1444250691965 ** 1989
*** 1444250695892 ** 1990
*** 1444250700372 ** 1991
*** 1444250702323 ** 1992
*** 1444250705756 ** 1993
*** 1444250710884 ** 1994
*** 1444250712844 ** 1995
*** 1444250722291 ** 1996
*** 1444250728165 ** 1997
*** 1444250731515 ** 1998
*** 1444250735155 ** 1999
*** 1444250739747 ** 2000
*** 1444250745371 ** 2001
*** 1444250747915 ** 2002
*** 1444250752499 ** 2003
*** 1444250755171 ** 2004
*** 1444250758762 ** 2005
*** 1444250761689 ** 2006
*** 1444250763170 ** 2007
*** 1444250768505 ** 2008
*** 1444250774698 ** 2009
*** 1444250776794 ** 2010
*** 1444250779434 ** 2011
*** 1444250785689 ** 2012
*** 1444250787073 ** 2012
